== Starting manage_exclusions.bat @ 22:42:21.68 == 
Exclusion file: F:\Documents\Obsidian_Vault\OB_Vault1\Programming\Backup_Suite\Test_Directory\Backup_Suite\backup_exclusions.txt 
Backup script: F:\Documents\Obsidian_Vault\OB_Vault1\Programming\Backup_Suite\Test_Directory\Backup_Suite\backup.bat 
User input: "add obsidian/" 
Parsed command: "add", item: "obsidian/" 
Routing valid command "add" with item "obsidian/" 
DEBUG: Reached add_action 
DEBUG: ADD action - item IS defined: "obsidian/" 
DEBUG: Adding as pattern match 
DEBUG: findstr check for existing item finished with errorlevel 1 
DEBUG: Starting append logic for non-existing item 
DEBUG: add_newline flag set to 0 
DEBUG: Appending without leading newline 
DEBUG: Append command executed. Now verifying write with findstr... 
DEBUG: findstr verify finished with errorlevel 0 
Successfully added "obsidian/" to the exclusion list. 
User input: "list" 
Parsed command: "list", item: "" 
Routing valid command "list" with item "" 
DEBUG: Reached list_action 
DEBUG: file_is_empty flag = 0 
DEBUG: File is not empty, listing with findstr /n... 
User input: "remove obsidian/" 
Parsed command: "remove", item: "obsidian/" 
Routing valid command "remove" with item "obsidian/" 
DEBUG: Reached remove_action 
DEBUG: REMOVE action - item IS defined: "obsidian/" 
DEBUG: findstr check for item to remove finished with errorlevel 0 
DEBUG: Rebuilding exclusion file to F:\Documents\Obsidian_Vault\OB_Vault1\Programming\Backup_Suite\Test_Directory\Backup_Suite\backup_exclusions.txt.tmp 
DEBUG: Found item 'obsidian/' to remove - setting flag 
DEBUG: Rebuild loop finished with errorlevel 0 
DEBUG: removed_flag is 1 
DEBUG: Replacing original file with temp file 
DEBUG: Move finished with errorlevel 0 
Successfully removed "obsidian/" from the exclusion list. 
User input: "list" 
Parsed command: "list", item: "" 
Routing valid command "list" with item "" 
DEBUG: Reached list_action 
DEBUG: file_is_empty flag = 1 
(Exclusion file is empty) 
