2025-06-05 11:13:44,093 - MainThread - INFO - Application Starting Up... Executable: C:\Users\pitma\AppData\Local\Programs\Python\Python313\pythonw.exe, Script: F:\Documents\Obsidian_Vault\OB_Vault1\Programming\AI\Productivity\Backup_Suite_Project\GUIBackup\backup_suite.pyw
2025-06-05 11:13:44,093 - MainThread - DEBUG - Looking up time zone info from registry
2025-06-05 11:13:44,239 - MainThread - INFO - Attempting to load configuration from: Settings\backup_config.json
2025-06-05 11:13:44,249 - MainThread - INFO - Configuration loaded successfully.
2025-06-05 11:13:44,267 - MainThread - INFO - Applying theme: Dark Mode
2025-06-05 11:13:44,269 - MainThread - INFO - Job listbox updated.
2025-06-05 11:13:44,269 - MainThread - INFO - Theme application finished.
2025-06-05 11:13:44,318 - MainThread - INFO - Window/Taskbar icon set to: F:\Documents\Obsidian_Vault\OB_Vault1\Programming\AI\Productivity\Backup_Suite_Project\GUIBackup\Solace_Backup.ico
2025-06-05 11:13:44,319 - MainThread - INFO - Job listbox updated.
2025-06-05 11:13:44,319 - MainThread - INFO - Job 'Family_MC_Server_Backup' disabled/manual, not scheduling.
2025-06-05 11:13:44,319 - MainThread - INFO - Scheduling 'Solace-CRM-Backup': cron[hour='6', minute='0'].
2025-06-05 11:13:44,319 - MainThread - INFO - Adding job tentatively -- it will be properly scheduled when the scheduler starts
2025-06-05 11:13:44,320 - MainThread - INFO - Job 'Solace Timeclock Backup' disabled/manual, not scheduling.
2025-06-05 11:13:44,320 - MainThread - INFO - Job 'Solace Backup' disabled/manual, not scheduling.
2025-06-05 11:13:44,320 - MainThread - INFO - Job 'Task_Manager_Backup' disabled/manual, not scheduling.
2025-06-05 11:13:44,320 - MainThread - INFO - Job 'TileSetEditor_Backup' disabled/manual, not scheduling.
2025-06-05 11:13:44,320 - MainThread - INFO - APScheduler jobs:
Pending jobs:
    Solace-CRM-Backup (trigger: cron[hour='6', minute='0'], pending)

2025-06-05 11:13:44,321 - MainThread - INFO - Added job "Solace-CRM-Backup" to job store "default"
2025-06-05 11:13:44,321 - MainThread - INFO - Scheduler started
2025-06-05 11:13:44,322 - APScheduler - DEBUG - Looking for jobs to run
2025-06-05 11:13:44,322 - APScheduler - DEBUG - Next wakeup is due at 2025-06-06 06:00:00-04:00 (in 67575.677731 seconds)
2025-06-05 11:13:44,326 - MainThread - INFO - Scheduler started.
2025-06-05 11:13:44,407 - MainThread - DEBUG - Importing BlpImagePlugin
2025-06-05 11:13:44,409 - MainThread - DEBUG - Importing BmpImagePlugin
2025-06-05 11:13:44,409 - MainThread - DEBUG - Importing BufrStubImagePlugin
2025-06-05 11:13:44,410 - MainThread - DEBUG - Importing CurImagePlugin
2025-06-05 11:13:44,411 - MainThread - DEBUG - Importing DcxImagePlugin
2025-06-05 11:13:44,414 - MainThread - DEBUG - Importing DdsImagePlugin
2025-06-05 11:13:44,418 - MainThread - DEBUG - Importing EpsImagePlugin
2025-06-05 11:13:44,420 - MainThread - DEBUG - Importing FitsImagePlugin
2025-06-05 11:13:44,423 - MainThread - DEBUG - Importing FliImagePlugin
2025-06-05 11:13:44,425 - MainThread - DEBUG - Importing FpxImagePlugin
2025-06-05 11:13:44,427 - MainThread - DEBUG - Image: failed to import FpxImagePlugin: No module named 'olefile'
2025-06-05 11:13:44,427 - MainThread - DEBUG - Importing FtexImagePlugin
2025-06-05 11:13:44,428 - MainThread - DEBUG - Importing GbrImagePlugin
2025-06-05 11:13:44,429 - MainThread - DEBUG - Importing GifImagePlugin
2025-06-05 11:13:44,429 - MainThread - DEBUG - Importing GribStubImagePlugin
2025-06-05 11:13:44,431 - MainThread - DEBUG - Importing Hdf5StubImagePlugin
2025-06-05 11:13:44,432 - MainThread - DEBUG - Importing IcnsImagePlugin
2025-06-05 11:13:44,436 - MainThread - DEBUG - Importing IcoImagePlugin
2025-06-05 11:13:44,438 - MainThread - DEBUG - Importing ImImagePlugin
2025-06-05 11:13:44,440 - MainThread - DEBUG - Importing ImtImagePlugin
2025-06-05 11:13:44,441 - MainThread - DEBUG - Importing IptcImagePlugin
2025-06-05 11:13:44,442 - MainThread - DEBUG - Importing JpegImagePlugin
2025-06-05 11:13:44,442 - MainThread - DEBUG - Importing Jpeg2KImagePlugin
2025-06-05 11:13:44,442 - MainThread - DEBUG - Importing McIdasImagePlugin
2025-06-05 11:13:44,443 - MainThread - DEBUG - Importing MicImagePlugin
2025-06-05 11:13:44,445 - MainThread - DEBUG - Image: failed to import MicImagePlugin: No module named 'olefile'
2025-06-05 11:13:44,445 - MainThread - DEBUG - Importing MpegImagePlugin
2025-06-05 11:13:44,446 - MainThread - DEBUG - Importing MpoImagePlugin
2025-06-05 11:13:44,462 - MainThread - DEBUG - Importing MspImagePlugin
2025-06-05 11:13:44,464 - MainThread - DEBUG - Importing PalmImagePlugin
2025-06-05 11:13:44,465 - MainThread - DEBUG - Importing PcdImagePlugin
2025-06-05 11:13:44,466 - MainThread - DEBUG - Importing PcxImagePlugin
2025-06-05 11:13:44,466 - MainThread - DEBUG - Importing PdfImagePlugin
2025-06-05 11:13:44,473 - MainThread - DEBUG - Importing PixarImagePlugin
2025-06-05 11:13:44,474 - MainThread - DEBUG - Importing PngImagePlugin
2025-06-05 11:13:44,474 - MainThread - DEBUG - Importing PpmImagePlugin
2025-06-05 11:13:44,474 - MainThread - DEBUG - Importing PsdImagePlugin
2025-06-05 11:13:44,476 - MainThread - DEBUG - Importing QoiImagePlugin
2025-06-05 11:13:44,477 - MainThread - DEBUG - Importing SgiImagePlugin
2025-06-05 11:13:44,478 - MainThread - DEBUG - Importing SpiderImagePlugin
2025-06-05 11:13:44,480 - MainThread - DEBUG - Importing SunImagePlugin
2025-06-05 11:13:44,482 - MainThread - DEBUG - Importing TgaImagePlugin
2025-06-05 11:13:44,483 - MainThread - DEBUG - Importing TiffImagePlugin
2025-06-05 11:13:44,483 - MainThread - DEBUG - Importing WebPImagePlugin
2025-06-05 11:13:44,486 - MainThread - DEBUG - Importing WmfImagePlugin
2025-06-05 11:13:44,487 - MainThread - DEBUG - Importing XbmImagePlugin
2025-06-05 11:13:44,489 - MainThread - DEBUG - Importing XpmImagePlugin
2025-06-05 11:13:44,490 - MainThread - DEBUG - Importing XVThumbImagePlugin
2025-06-05 11:13:44,491 - MainThread - DEBUG - STREAM b'IHDR' 38 13
2025-06-05 11:13:44,491 - MainThread - DEBUG - STREAM b'IDAT' 63 32768
2025-06-05 11:13:44,500 - MainThread - INFO - Loaded custom tray icon: F:\Documents\Obsidian_Vault\OB_Vault1\Programming\AI\Productivity\Backup_Suite_Project\GUIBackup\Solace_Backup_Tray.ico
2025-06-05 11:13:44,507 - MainThread - INFO - Application initialized.
2025-06-05 11:13:44,514 - MainThread - INFO - Loading jobs into scheduler...
2025-06-05 11:13:44,516 - MainThread - INFO - Job 'Solace-CRM-Backup' scheduled.
2025-06-05 11:13:57,419 - MainThread - INFO - Application hidden to system tray.
2025-06-05 13:34:20,105 - SystemTrayThread - INFO - Shutting down...
2025-06-05 13:34:20,105 - SystemTrayThread - INFO - Scheduler has been shut down
2025-06-05 13:34:20,105 - APScheduler - DEBUG - Looking for jobs to run
2025-06-05 13:34:20,105 - APScheduler - DEBUG - No jobs; waiting until a job is added
